0 info it worked if it ends with ok
1 verbose cli [ '/Users/seanchas/.nvm/versions/node/v4.1.2/bin/node',
1 verbose cli   '/Users/seanchas/.nvm/versions/node/v4.1.2/bin/npm',
1 verbose cli   'start' ]
2 info using npm@3.3.8
3 info using node@v4.1.2
4 verbose run-script [ 'prestart', 'start', 'poststart' ]
5 info lifecycle mentor-web-app@0.0.0~prestart: mentor-web-app@0.0.0
6 silly lifecycle mentor-web-app@0.0.0~prestart: no script for prestart, continuing
7 info lifecycle mentor-web-app@0.0.0~start: mentor-web-app@0.0.0
8 verbose lifecycle mentor-web-app@0.0.0~start: unsafe-perm in lifecycle true
9 verbose lifecycle mentor-web-app@0.0.0~start: PATH: /Users/seanchas/.nvm/versions/node/v4.1.2/lib/node_modules/npm/bin/node-gyp-bin:/Users/seanchas/Sandbox/mentor-web-app/node_modules/.bin:/Users/seanchas/.nvm/versions/node/v4.1.2/bin:/usr/local/var/rbenv/shims:/usr/local/bin:/usr/bin:/bin:/usr/sbin:/sbin
10 verbose lifecycle mentor-web-app@0.0.0~start: CWD: /Users/seanchas/Sandbox/mentor-web-app
11 silly lifecycle mentor-web-app@0.0.0~start: Args: [ '-c', 'node ./bin/www' ]
12 silly lifecycle mentor-web-app@0.0.0~start: Returned: code: 1  signal: null
13 info lifecycle mentor-web-app@0.0.0~start: Failed to exec start script
14 verbose stack Error: mentor-web-app@0.0.0 start: `node ./bin/www`
14 verbose stack Exit status 1
14 verbose stack     at EventEmitter.<anonymous> (/Users/seanchas/.nvm/versions/node/v4.1.2/lib/node_modules/npm/lib/utils/lifecycle.js:233:16)
14 verbose stack     at emitTwo (events.js:87:13)
14 verbose stack     at EventEmitter.emit (events.js:172:7)
14 verbose stack     at ChildProcess.<anonymous> (/Users/seanchas/.nvm/versions/node/v4.1.2/lib/node_modules/npm/lib/utils/spawn.js:24:14)
14 verbose stack     at emitTwo (events.js:87:13)
14 verbose stack     at ChildProcess.emit (events.js:172:7)
14 verbose stack     at maybeClose (internal/child_process.js:818:16)
14 verbose stack     at Process.ChildProcess._handle.onexit (internal/child_process.js:211:5)
15 verbose pkgid mentor-web-app@0.0.0
16 verbose cwd /Users/seanchas/Sandbox/mentor-web-app
17 error Darwin 15.0.0
18 error argv "/Users/seanchas/.nvm/versions/node/v4.1.2/bin/node" "/Users/seanchas/.nvm/versions/node/v4.1.2/bin/npm" "start"
19 error node v4.1.2
20 error npm  v3.3.8
21 error code ELIFECYCLE
22 error mentor-web-app@0.0.0 start: `node ./bin/www`
22 error Exit status 1
23 error Failed at the mentor-web-app@0.0.0 start script 'node ./bin/www'.
23 error This is most likely a problem with the mentor-web-app package,
23 error not with npm itself.
23 error Tell the author that this fails on your system:
23 error     node ./bin/www
23 error You can get their info via:
23 error     npm owner ls mentor-web-app
23 error There is likely additional logging output above.
24 verbose exit [ 1, true ]
